<?xml version="1.0" encoding="UTF-8"?>
<!-- Generated by org.testng.reporters.JUnitReportReporter -->
<testsuite hostname="AFSWWPN0P3MYHV" name="videosharebe.LoginServiceTest" tests="3" failures="0" timestamp="5 Jun 2019 13:44:53 GMT" time="0.033" errors="0">
  <testcase name="userSuccessfullyLogsIn" time="0.002" classname="videosharebe.LoginServiceTest"/>
  <testcase name="userFailsToLoginDueToInvalidCredentials" time="0.026" classname="videosharebe.LoginServiceTest"/>
  <testcase name="userFailsToLoginBecauseLoginObjectIsNull" time="0.005" classname="videosharebe.LoginServiceTest"/>
</testsuite> <!-- videosharebe.LoginServiceTest -->
