<?xml version="1.0" encoding="UTF-8"?>
<!-- Generated by org.testng.reporters.JUnitReportReporter -->
<testsuite hostname="AFSWWPN0P3MYHV" name="videosharebe.UserServiceTest" tests="18" failures="0" timestamp="29 May 2019 14:47:06 GMT" time="0.455" errors="0">
  <testcase name="doesUserExistIsPassedANullUsernameAndReturnsTrue" time="0.012" classname="videosharebe.UserServiceTest"/>
  <testcase name="userFindsUserByUsername" time="0.004" classname="videosharebe.UserServiceTest"/>
  <testcase name="userNotCreatedBecauseItAlreadyExists" time="0.005" classname="videosharebe.UserServiceTest"/>
  <testcase name="serviceLayerFailsToCreateUserBecauseUserIsNull" time="0.006" classname="videosharebe.UserServiceTest"/>
  <testcase name="serviceLayerFailsToUpdateUserBecauseUserDoesntExist" time="0.007" classname="videosharebe.UserServiceTest"/>
  <testcase name="userFailsToFindUserByUsernameBecauseUsernameIsNull" time="0.008" classname="videosharebe.UserServiceTest"/>
  <testcase name="userFailsToLoginDueToInvalidCredentials" time="0.006" classname="videosharebe.UserServiceTest"/>
  <testcase name="serviceLayerFailsToDeleteUserBecauseUsernameIsNull" time="0.004" classname="videosharebe.UserServiceTest"/>
  <testcase name="testGetAllUsers" time="0.005" classname="videosharebe.UserServiceTest"/>
  <testcase name="userFailsToFindUserByUsernameBecauseUserDoesntExist" time="0.005" classname="videosharebe.UserServiceTest"/>
  <testcase name="serviceLayerFailsToUpdateUserBecauseUserIsNull" time="0.004" classname="videosharebe.UserServiceTest"/>
  <testcase name="serviceLayerUpdatesUser" time="0.003" classname="videosharebe.UserServiceTest"/>
  <testcase name="userFailsToLoginBecauseLoginObjectIsNull" time="0.004" classname="videosharebe.UserServiceTest"/>
  <testcase name="doesUserExistDoesntFindAUser" time="0.343" classname="videosharebe.UserServiceTest"/>
  <testcase name="serviceLayerCreatesNewUserReturnsNewUser" time="0.019" classname="videosharebe.UserServiceTest"/>
  <testcase name="userSuccessfullyLogsIn" time="0.006" classname="videosharebe.UserServiceTest"/>
  <testcase name="serviceLayerDeletesUserReturnsBoolean" time="0.007" classname="videosharebe.UserServiceTest"/>
  <testcase name="doesUserExistFindsAUser" time="0.007" classname="videosharebe.UserServiceTest"/>
</testsuite> <!-- videosharebe.UserServiceTest -->
