<?xml version="1.0" encoding="UTF-8"?>
<!-- Generated by org.testng.reporters.JUnitReportReporter -->
<testsuite hostname="AFSWWPN0P3MYHV" name="videosharebe.LoginServiceTest" tests="3" failures="0" timestamp="6 Jun 2019 20:14:15 GMT" time="0.011" errors="0">
  <testcase name="userFailsToLoginDueToInvalidCredentials" time="0.005" classname="videosharebe.LoginServiceTest"/>
  <testcase name="userSuccessfullyLogsIn" time="0.003" classname="videosharebe.LoginServiceTest"/>
  <testcase name="userFailsToLoginBecauseLoginObjectIsNull" time="0.003" classname="videosharebe.LoginServiceTest"/>
</testsuite> <!-- videosharebe.LoginServiceTest -->
