<?xml version="1.0" encoding="UTF-8"?>
<!-- Generated by org.testng.reporters.JUnitReportReporter -->
<testsuite hostname="AFSWWPN0P3MYHV" name="videosharebe.UploadServiceTest" tests="13" failures="0" timestamp="6 Jun 2019 20:14:15 GMT" time="0.041" errors="0">
  <testcase name="nullIsPassedToDeleteFunction" time="0.002" classname="videosharebe.UploadServiceTest"/>
  <testcase name="userCantFindVideoByTitle" time="0.002" classname="videosharebe.UploadServiceTest"/>
  <testcase name="userUpdatesVideoSuccessfully" time="0.002" classname="videosharebe.UploadServiceTest"/>
  <testcase name="userCantUpdateVideoBecauseItDoesntExist" time="0.003" classname="videosharebe.UploadServiceTest"/>
  <testcase name="userCantCreateNewVideoBecuaseUploadIsNull" time="0.002" classname="videosharebe.UploadServiceTest"/>
  <testcase name="userFailsToDeleteVideoById" time="0.003" classname="videosharebe.UploadServiceTest"/>
  <testcase name="userGetsAllVideosForGivenUsername" time="0.004" classname="videosharebe.UploadServiceTest"/>
  <testcase name="nullPassedToFindVideoById" time="0.003" classname="videosharebe.UploadServiceTest"/>
  <testcase name="nullIsPassedToUpdate" time="0.002" classname="videosharebe.UploadServiceTest"/>
  <testcase name="userFindsVideoByTitle" time="0.005" classname="videosharebe.UploadServiceTest"/>
  <testcase name="userCantCreateNewVideoBecuaseOneAlreadyExistsWithSameTitle" time="0.006" classname="videosharebe.UploadServiceTest"/>
  <testcase name="userCreatesNewVideo" time="0.003" classname="videosharebe.UploadServiceTest"/>
  <testcase name="userDeletesVideoById" time="0.004" classname="videosharebe.UploadServiceTest"/>
</testsuite> <!-- videosharebe.UploadServiceTest -->
