<?xml version="1.0" encoding="UTF-8"?>
<!-- Generated by org.testng.reporters.JUnitReportReporter -->
<testsuite hostname="AFSWWPN0P3MYHV" name="videosharebe.UserServiceTest" tests="12" failures="0" timestamp="6 Jun 2019 20:14:15 GMT" time="1.725" errors="0">
  <testcase name="userFailsToFindUserByUsernameBecauseUserDoesntExist" time="0.003" classname="videosharebe.UserServiceTest"/>
  <testcase name="serviceLayerDeletesUserReturnsBoolean" time="0.005" classname="videosharebe.UserServiceTest"/>
  <testcase name="serviceLayerUpdatesUser" time="0.004" classname="videosharebe.UserServiceTest"/>
  <testcase name="serviceLayerFailsToUpdateUserBecauseUserDoesntExist" time="0.003" classname="videosharebe.UserServiceTest"/>
  <testcase name="testGetAllUsers" time="0.010" classname="videosharebe.UserServiceTest"/>
  <testcase name="serviceLayerFailsToCreateUserBecauseUserIsNull" time="0.004" classname="videosharebe.UserServiceTest"/>
  <testcase name="userFailsToFindUserByUsernameBecauseUsernameIsNull" time="1.620" classname="videosharebe.UserServiceTest"/>
  <testcase name="serviceLayerFailsToUpdateUserBecauseUserIsNull" time="0.002" classname="videosharebe.UserServiceTest"/>
  <testcase name="serviceLayerCreatesNewUserReturnsNewUser" time="0.059" classname="videosharebe.UserServiceTest"/>
  <testcase name="userNotCreatedBecauseItAlreadyExists" time="0.006" classname="videosharebe.UserServiceTest"/>
  <testcase name="userFindsUserByUsername" time="0.005" classname="videosharebe.UserServiceTest"/>
  <testcase name="serviceLayerFailsToDeleteUserBecauseUsernameIsNull" time="0.004" classname="videosharebe.UserServiceTest"/>
</testsuite> <!-- videosharebe.UserServiceTest -->
