<?xml version="1.0" encoding="UTF-8"?>
<!-- Generated by org.testng.reporters.JUnitReportReporter -->
<testsuite hostname="AFSWWPN0P3MYHV" name="videosharebe.SeleniumTest" tests="5" failures="0" timestamp="5 Jun 2019 19:44:13 GMT" time="6.467" errors="0">
  <testcase name="login" time="1.279" classname="videosharebe.SeleniumTest"/>
  <testcase name="userRegistersAsNewUser" time="1.118" classname="videosharebe.SeleniumTest"/>
  <testcase name="newUserShowsUpInListOfUsers" time="1.138" classname="videosharebe.SeleniumTest"/>
  <testcase name="userCanBeDeleted" time="1.149" classname="videosharebe.SeleniumTest"/>
  <testcase name="userUpdatesUserInfoSuccessfully" time="1.783" classname="videosharebe.SeleniumTest"/>
</testsuite> <!-- videosharebe.SeleniumTest -->
